<?xml version="1.0" encoding="UTF-8"?>
<coverage generated="1665585638613" clover="3.2.0">
  <project timestamp="1665585638613" name="All files">
    <metrics statements="14" coveredstatements="7" conditionals="4" coveredconditionals="2" methods="3" coveredmethods="1" elements="21" coveredelements="10" complexity="0" loc="14" ncloc="14" packages="1" files="1" classes="1"/>
    <file name="index.js" path="C:\Users\LEGION 5\Documents\work\Assuresoft training\modulo 5\Prac_10_FD_calc\src\index.js">
      <metrics statements="14" coveredstatements="7" conditionals="4" coveredconditionals="2" methods="3" coveredmethods="1"/>
      <line num="2" count="0" type="stmt"/>
      <line num="3" count="0" type="stmt"/>
      <line num="6" count="1" type="stmt"/>
      <line num="7" count="1" type="stmt"/>
      <line num="8" count="1" type="stmt"/>
      <line num="9" count="1" type="cond" truecount="1" falsecount="1"/>
      <line num="11" count="0" type="stmt"/>
      <line num="13" count="1" type="cond" truecount="1" falsecount="1"/>
      <line num="15" count="1" type="stmt"/>
      <line num="18" count="0" type="stmt"/>
      <line num="23" count="0" type="stmt"/>
      <line num="24" count="0" type="stmt"/>
      <line num="25" count="0" type="stmt"/>
      <line num="27" count="1" type="stmt"/>
    </file>
  </project>
</coverage>
