{"C:\\Users\\AndrewTP\\OneDrive\\Documentos\\Assuresoft\\AcademiaDigital\\Frontend\\RepoPrac10\\Prac_10_FD_calc\\src\\index.js": {"path":"C:\\Users\\AndrewTP\\OneDrive\\Documentos\\Assuresoft\\AcademiaDigital\\Frontend\\RepoPrac10\\Prac_10_FD_calc\\src\\index.js","statementMap":{"0":{"start":{"line":2,"column":17},"end":{"line":2,"column":53}},"1":{"start":{"line":3,"column":4},"end":{"line":3,"column":27}},"2":{"start":{"line":6,"column":17},"end":{"line":6,"column":53}},"3":{"start":{"line":7,"column":14},"end":{"line":7,"column":31}},"4":{"start":{"line":8,"column":4},"end":{"line":19,"column":5}},"5":{"start":{"line":10,"column":8},"end":{"line":10,"column":20}},"6":{"start":{"line":12,"column":8},"end":{"line":18,"column":9}},"7":{"start":{"line":14,"column":12},"end":{"line":14,"column":35}},"8":{"start":{"line":17,"column":12},"end":{"line":17,"column":54}},"9":{"start":{"line":22,"column":4},"end":{"line":22,"column":35}},"10":{"start":{"line":23,"column":17},"end":{"line":23,"column":53}},"11":{"start":{"line":24,"column":16},"end":{"line":24,"column":38}},"12":{"start":{"line":25,"column":4},"end":{"line":25,"column":27}},"13":{"start":{"line":27,"column":0},"end":{"line":27,"column":54}}},"fnMap":{"0":{"name":"clearScreen","decl":{"start":{"line":1,"column":9},"end":{"line":1,"column":20}},"loc":{"start":{"line":1,"column":22},"end":{"line":4,"column":1}},"line":1},"1":{"name":"pressBtn","decl":{"start":{"line":5,"column":9},"end":{"line":5,"column":17}},"loc":{"start":{"line":5,"column":26},"end":{"line":20,"column":1}},"line":5},"2":{"name":"calculate","decl":{"start":{"line":21,"column":9},"end":{"line":21,"column":18}},"loc":{"start":{"line":21,"column":20},"end":{"line":26,"column":1}},"line":21}},"branchMap":{"0":{"loc":{"start":{"line":8,"column":4},"end":{"line":19,"column":5}},"type":"if","locations":[{"start":{"line":8,"column":4},"end":{"line":19,"column":5}},{"start":{"line":11,"column":9},"end":{"line":19,"column":5}}],"line":8},"1":{"loc":{"start":{"line":12,"column":8},"end":{"line":18,"column":9}},"type":"if","locations":[{"start":{"line":12,"column":8},"end":{"line":18,"column":9}},{"start":{"line":16,"column":12},"end":{"line":18,"column":9}}],"line":12}},"s":{"0":1,"1":1,"2":4,"3":4,"4":4,"5":1,"6":3,"7":2,"8":1,"9":2,"10":2,"11":2,"12":2,"13":1},"f":{"0":1,"1":4,"2":2},"b":{"0":[1,3],"1":[2,1]},"_coverageSchema":"1a1c01bbd47fc00a2c39e90264f33305004495a9","hash":"027d5ae0f9d72be73476ba7ce46cb9fb5eb47d68"}
}
